<?xml version="1.0" encoding="utf-8"?><testsuites name="pytest tests"><testsuite name="pytest" errors="0" failures="0" skipped="0" tests="111" time="6.812" timestamp="2026-08-14T01:41:40.338917+00:00" hostname="agent-env-5e3082e6-67c3-4177-9818-b82b09188262"><testcase classname="tests.backend_test.TestLeads" name="test_list_leads" time="0.117" /><testcase classname="tests.test_iter2_fixes.TestValidation" name="test_task_missing_due_date_defaults" time="0.109" /><testcase classname="tests.test_iter6_permissions.TestCamTemplates" name="test_list_and_product_filter" time="0.301" /><testcase classname="tests.backend_test.TestListEndpoints" name="test_list[/api/employees-9]" time="0.140" /><testcase classname="tests.test_iter2_fixes.TestValidation" name="test_task_missing_title_422" time="0.090" /><testcase classname="tests.backend_test.TestLeads" name="test_create_lead_and_persist" time="0.143" /><testcase classname="tests.backend_test.TestListEndpoints" name="test_list[/api/channel-partners-1]" time="0.071" /><testcase classname="tests.test_iter2_fixes.TestValidation" name="test_task_empty_body_422" time="0.052" /><testcase classname="tests.backend_test.TestListEndpoints" name="test_list[/api/cp-commissions-0]" time="0.111" /><testcase classname="tests.backend_test.TestLeads" name="test_patch_lead_stage" time="0.113" /><testcase classname="tests.test_iter6_permissions.TestCamTemplates" name="test_create_lap_template_and_fetch" time="0.212" /><testcase classname="tests.backend_test.TestListEndpoints" name="test_list[/api/tasks-1]" time="0.076" /><testcase classname="tests.test_iter2_fixes.TestValidation" name="test_invoice_missing_amount_422" time="0.202" /><testcase classname="tests.backend_test.TestLeads" name="test_lead_404" time="0.048" /><testcase classname="tests.backend_test.TestListEndpoints" name="test_list[/api/audit-logs-1]" time="0.207" /><testcase classname="tests.backend_test.TestLeads" name="test_convert_lead" time="0.073" /><testcase classname="tests.test_iter2_fixes.TestValidation" name="test_invoice_missing_client_422" time="0.088" /><testcase classname="tests.backend_test.TestLeads" name="test_convert_twice_rejected" time="0.088" /><testcase classname="tests.test_iter6_permissions.TestCamTemplates" name="test_create_requires_name" time="0.077" /><testcase classname="tests.test_iter2_fixes.TestValidation" name="test_payment_missing_fields_422" time="0.090" /><testcase classname="tests.backend_test.TestReportsSearch" name="test_reports_daily" time="0.062" /><testcase classname="tests.backend_test.TestListEndpoints" name="test_list[/api/users-1]" time="0.068" /><testcase classname="tests.test_iter2_fixes.TestValidation" name="test_invoice_total_amount_gst_tds" time="0.420" /><testcase classname="tests.backend_test.TestReportsSearch" name="test_reports_pipeline" time="0.047" /><testcase classname="tests.backend_test.TestListEndpoints" name="test_list[/api/sanctions-1]" time="0.074" /><testcase classname="tests.test_iter6_permissions.TestCamTemplates" name="test_create_forbidden_without_permission" time="0.226" /><testcase classname="tests.backend_test.TestReportsSearch" name="test_search" time="0.053" /><testcase classname="tests.backend_test.TestReportsSearch" name="test_integrations" time="0.092" /><testcase classname="tests.backend_test.TestListEndpoints" name="test_list[/api/disbursements-1]" time="0.066" /><testcase classname="tests.test_iter6_permissions.TestCamTemplates" name="test_delete_forbidden_for_non_owner_without_permission" time="0.066" /><testcase classname="tests.backend_test.TestListEndpoints" name="test_list[/api/applications-1]" time="0.072" /><testcase classname="tests.backend_test.TestReportsSearch" name="test_employee_patch" time="0.143" /><testcase classname="tests.test_iter6_permissions.TestCamTemplates" name="test_delete_unknown_404" time="0.057" /><testcase classname="tests.backend_test.TestListEndpoints" name="test_list[/api/lender-queries-0]" time="0.068" /><testcase classname="tests.test_iter6_permissions.TestCamTemplates" name="test_delete_by_publisher_then_gone" time="0.577" /><testcase classname="tests.backend_test.TestListEndpoints" name="test_list[/api/documents-1]" time="0.075" /><testcase classname="tests.backend_test.TestListEndpoints" name="test_list[/api/incentives-1]" time="0.065" /><testcase classname="tests.test_iter6_permissions.TestPermissionOverrides" name="test_put_then_get_persists_and_computes_effective" time="0.247" /><testcase classname="tests.backend_test.TestListEndpoints" name="test_requires_auth" time="0.453" /><testcase classname="tests.backend_test.TestReportsSearch" name="test_task_create_and_complete" time="0.302" /><testcase classname="tests.backend_test.TestLenders" name="test_list_lenders" time="0.047" /><testcase classname="tests.test_iter6_permissions.TestPermissionOverrides" name="test_revoke_wins_over_role_default" time="0.138" /><testcase classname="tests.backend_test.TestLenders" name="test_suggest" time="0.050" /><testcase classname="tests.backend_test.TestLenders" name="test_create_application" time="0.051" /><testcase classname="tests.backend_test.TestLenders" name="test_patch_application" time="0.053" /><testcase classname="tests.test_iter6_permissions.TestPermissionOverrides" name="test_invalid_keys_filtered" time="0.097" /><testcase classname="tests.backend_test.TestLenders" name="test_lender_query_flow" time="0.179" /><testcase classname="tests.test_iter5_partner_cam.TestPartnerPerformance" name="test_requires_auth" time="0.092" /><testcase classname="tests.backend_test.TestCases" name="test_list" time="0.076" /><testcase classname="tests.test_iter5_partner_cam.TestPartnerPerformance" name="test_shape_and_kpis" time="0.128" /><testcase classname="tests.test_iter6_permissions.TestPermissionOverrides" name="test_non_admin_cannot_put" time="0.480" /><testcase classname="tests.backend_test.TestDocuments" name="test_upload_and_list" time="0.444" /><testcase classname="tests.test_iter5_partner_cam.TestPartnerPerformance" name="test_row_fields_and_trend" time="0.259" /><testcase classname="tests.test_iter5_partner_cam.TestPartnerPerformance" name="test_rows_sorted_by_disbursed_mtd_desc" time="0.064" /><testcase classname="tests.backend_test.TestCases" name="test_detail_tabs" time="0.441" /><testcase classname="tests.test_iter6_permissions.TestPermissionOverrides" name="test_non_admin_cannot_get" time="0.086" /><testcase classname="tests.test_iter5_partner_cam.TestPartnerPerformance" name="test_kpi_totals_match_rows" time="0.068" /><testcase classname="tests.backend_test.TestCases" name="test_patch_case_stage_logs_activity" time="0.372" /><testcase classname="tests.test_iter6_permissions.TestPermissionOverrides" name="test_unknown_user_404" time="0.756" /><testcase classname="tests.backend_test.TestDocuments" name="test_versioning" time="0.347" /><testcase classname="tests.backend_test.TestCases" name="test_pd_create" time="0.474" /><testcase classname="tests.backend_test.TestDocuments" name="test_download" time="0.399" /><testcase classname="tests.backend_test.TestDocuments" name="test_verify_document" time="0.049" /><testcase classname="tests.test_iter2_fixes.TestSeededData" name="test_documents_seeded" time="0.058" /><testcase classname="tests.test_iter5_partner_cam.TestRegression" name="test_weekly_xlsx" time="0.062" /><testcase classname="tests.test_iter5_partner_cam.TestPatchChannelPartner" name="test_patch_target_persists_and_updates_attainment" time="0.328" /><testcase classname="tests.test_iter2_fixes.TestSeededData" name="test_lender_queries_seeded" time="0.111" /><testcase classname="tests.test_iter5_partner_cam.TestRegression" name="test_weekly_pdf" time="0.058" /><testcase classname="tests.test_iter5_partner_cam.TestRegression" name="test_global_search" time="0.058" /><testcase classname="tests.test_iter2_fixes.TestSeededData" name="test_mandates_varied_statuses" time="0.053" /><testcase classname="tests.backend_test.TestSanctionDisbursement" name="test_create_sanction_updates_case_and_app" time="1.164" /><testcase classname="tests.test_iter2_fixes.TestSeededData" name="test_bureau_checks_present" time="0.957" /><testcase classname="tests.test_iter5_partner_cam.TestRegression" name="test_channel_partners_list" time="0.046" /><testcase classname="tests.test_iter6_permissions.TestPermissionKeys" name="test_keys_returns_six" time="0.179" /><testcase classname="tests.test_iter5_partner_cam.TestPatchChannelPartner" name="test_disallowed_fields_ignored" time="0.185" /><testcase classname="tests.backend_test.TestSanctionDisbursement" name="test_partial_then_full_disbursement" time="0.331" /><testcase classname="tests.test_iter6_permissions.TestPermissionKeys" name="test_keys_requires_auth" time="0.142" /><testcase classname="tests.test_iter5_partner_cam.TestPatchChannelPartner" name="test_unknown_partner_404" time="0.071" /><testcase classname="tests.test_iter6_permissions.TestPermissionKeys" name="test_me_permissions_super_admin" time="0.097" /><testcase classname="tests.test_iter5_partner_cam.TestPatchChannelPartner" name="test_patch_requires_auth" time="0.113" /><testcase classname="tests.backend_test.TestAuth" name="test_me_requires_auth" time="0.066" /><testcase classname="tests.backend_test.TestSanctionDisbursement" name="test_disbursement_bad_sanction" time="0.111" /><testcase classname="tests.test_iter6_permissions.TestPermissionKeys" name="test_me_permissions_sales_agent_empty" time="0.499" /><testcase classname="tests.backend_test.TestAuth" name="test_me_with_token" time="0.071" /><testcase classname="tests.backend_test.TestSanctionDisbursement" name="test_incentive_accrued" time="0.059" /><testcase classname="tests.backend_test.TestAuth" name="test_bad_token_rejected" time="0.114" /><testcase classname="tests.test_iter5_partner_cam.TestCamPdf" name="test_pdf_ok" time="0.080" /><testcase classname="tests.test_iter5_partner_cam.TestCamPdf" name="test_pdf_unknown_case_404" time="0.100" /><testcase classname="tests.test_iter5_partner_cam.TestCamPdf" name="test_pdf_requires_auth" time="0.047" /><testcase classname="tests.test_iter6_permissions.TestRegression" name="test_payout_batches_list" time="0.146" /><testcase classname="tests.test_iter6_permissions.TestChannelPartnerRBAC" name="test_agent_cannot_create_partner" time="0.438" /><testcase classname="tests.backend_test.TestClients" name="test_list" time="0.050" /><testcase classname="tests.backend_test.TestClients" name="test_detail_360" time="0.051" /><testcase classname="tests.backend_test.TestClients" name="test_patch_client" time="0.143" /><testcase classname="tests.test_iter6_permissions.TestRegression" name="test_cam_pdf" time="0.091" /><testcase classname="tests.test_iter6_permissions.TestReleaseCommissionsRBAC" name="test_agent_forbidden_by_default" time="0.374" /><testcase classname="tests.test_iter6_permissions.TestRegression" name="test_case_detail_and_assessment_persist" time="0.562" /><testcase classname="tests.backend_test.TestBureau" name="test_consent_required" time="0.092" /><testcase classname="tests.test_iter6_permissions.TestChannelPartnerRBAC" name="test_agent_can_create_after_grant_and_patch_needs_target_perm" time="0.566" /><testcase classname="tests.backend_test.TestBureau" name="test_pull_sandbox" time="0.090" /><testcase classname="tests.test_iter6_permissions.TestReleaseCommissionsRBAC" name="test_agent_allowed_after_grant" time="0.287" /><testcase classname="tests.test_iter2_fixes.TestAggregationKeys" name="test_dashboard_keys" time="0.053" /><testcase classname="tests.test_iter2_fixes.TestAggregationKeys" name="test_pipeline_report_keys" time="0.048" /><testcase classname="tests.test_iter2_fixes.TestDocCompleteness" name="test_upload_updates_documentation_pct_and_versions" time="1.274" /><testcase classname="tests.test_iter6_permissions.TestReleaseCommissionsRBAC" name="test_super_admin_forbidden_after_revoke" time="0.550" /><testcase classname="tests.backend_test.TestBilling" name="test_mandate_lifecycle" time="1.045" /><testcase classname="tests.test_iter6_permissions.TestChannelPartnerRBAC" name="test_partner_appears_in_performance" time="0.631" /><testcase classname="tests.test_iter6_permissions.TestReleaseCommissionsRBAC" name="test_mark_paid_rbac" time="0.463" /><testcase classname="tests.backend_test.TestDashboard" name="test_summary" time="0.076" /><testcase classname="tests.test_iter5_partner_cam.TestCamAssessment" name="test_assessment_save_and_read" time="0.176" /><testcase classname="tests.backend_test.TestBilling" name="test_invoice_and_payment" time="0.379" /></testsuite></testsuites>