<?xml version="1.0" encoding="utf-8"?><testsuites name="pytest tests"><testsuite name="pytest" errors="0" failures="0" skipped="0" tests="17" time="1.680" timestamp="2026-08-13T16:18:01.076642+00:00" hostname="agent-env-5e3082e6-67c3-4177-9818-b82b09188262"><testcase classname="tests.test_iter5_partner_cam.TestPatchChannelPartner" name="test_patch_target_persists_and_updates_attainment" time="0.320" /><testcase classname="tests.test_iter5_partner_cam.TestPartnerPerformance" name="test_requires_auth" time="0.116" /><testcase classname="tests.test_iter5_partner_cam.TestPartnerPerformance" name="test_shape_and_kpis" time="0.157" /><testcase classname="tests.test_iter5_partner_cam.TestPartnerPerformance" name="test_row_fields_and_trend" time="0.107" /><testcase classname="tests.test_iter5_partner_cam.TestPatchChannelPartner" name="test_disallowed_fields_ignored" time="0.135" /><testcase classname="tests.test_iter5_partner_cam.TestPartnerPerformance" name="test_rows_sorted_by_disbursed_mtd_desc" time="0.105" /><testcase classname="tests.test_iter5_partner_cam.TestPatchChannelPartner" name="test_unknown_partner_404" time="0.071" /><testcase classname="tests.test_iter5_partner_cam.TestPartnerPerformance" name="test_kpi_totals_match_rows" time="0.135" /><testcase classname="tests.test_iter5_partner_cam.TestPatchChannelPartner" name="test_patch_requires_auth" time="0.113" /><testcase classname="tests.test_iter5_partner_cam.TestRegression" name="test_weekly_xlsx" time="0.293" /><testcase classname="tests.test_iter5_partner_cam.TestCamPdf" name="test_pdf_ok" time="0.291" /><testcase classname="tests.test_iter5_partner_cam.TestRegression" name="test_weekly_pdf" time="0.099" /><testcase classname="tests.test_iter5_partner_cam.TestCamPdf" name="test_pdf_unknown_case_404" time="0.067" /><testcase classname="tests.test_iter5_partner_cam.TestCamPdf" name="test_pdf_requires_auth" time="0.050" /><testcase classname="tests.test_iter5_partner_cam.TestRegression" name="test_global_search" time="0.129" /><testcase classname="tests.test_iter5_partner_cam.TestCamAssessment" name="test_assessment_save_and_read" time="0.182" /><testcase classname="tests.test_iter5_partner_cam.TestRegression" name="test_channel_partners_list" time="0.125" /></testsuite></testsuites>