<?xml version="1.0" encoding="utf-8"?><testsuites name="pytest tests"><testsuite name="pytest" errors="0" failures="1" skipped="0" tests="84" time="7.238" timestamp="2026-08-13T16:18:09.244699+00:00" hostname="agent-env-5e3082e6-67c3-4177-9818-b82b09188262"><testcase classname="tests.test_iter2_fixes.TestValidation" name="test_task_missing_due_date_defaults" time="0.144" /><testcase classname="tests.backend_test.TestListEndpoints" name="test_list[/api/employees-9]" time="0.164" /><testcase classname="tests.test_iter2_fixes.TestValidation" name="test_task_missing_title_422" time="0.050" /><testcase classname="tests.backend_test.TestListEndpoints" name="test_list[/api/channel-partners-1]" time="0.053" /><testcase classname="tests.test_iter2_fixes.TestValidation" name="test_task_empty_body_422" time="0.094" /><testcase classname="tests.backend_test.TestListEndpoints" name="test_list[/api/cp-commissions-0]" time="0.053" /><testcase classname="tests.backend_test.TestListEndpoints" name="test_list[/api/tasks-1]" time="0.054" /><testcase classname="tests.backend_test.TestListEndpoints" name="test_list[/api/audit-logs-1]" time="0.108" /><testcase classname="tests.test_iter2_fixes.TestValidation" name="test_invoice_missing_amount_422" time="0.182" /><testcase classname="tests.backend_test.TestListEndpoints" name="test_list[/api/users-1]" time="0.055" /><testcase classname="tests.test_iter2_fixes.TestValidation" name="test_invoice_missing_client_422" time="0.058" /><testcase classname="tests.backend_test.TestListEndpoints" name="test_list[/api/sanctions-1]" time="0.056" /><testcase classname="tests.test_iter2_fixes.TestValidation" name="test_payment_missing_fields_422" time="0.091" /><testcase classname="tests.backend_test.TestListEndpoints" name="test_list[/api/disbursements-1]" time="0.060" /><testcase classname="tests.backend_test.TestListEndpoints" name="test_list[/api/applications-1]" time="0.064" /><testcase classname="tests.test_iter2_fixes.TestValidation" name="test_invoice_total_amount_gst_tds" time="0.477" /><testcase classname="tests.backend_test.TestListEndpoints" name="test_list[/api/lender-queries-0]" time="0.066" /><testcase classname="tests.backend_test.TestListEndpoints" name="test_list[/api/documents-1]" time="0.058" /><testcase classname="tests.backend_test.TestListEndpoints" name="test_list[/api/incentives-1]" time="0.060" /><testcase classname="tests.backend_test.TestListEndpoints" name="test_requires_auth" time="0.308" /><testcase classname="tests.backend_test.TestLeads" name="test_list_leads" time="0.055" /><testcase classname="tests.backend_test.TestLeads" name="test_create_lead_and_persist" time="0.120" /><testcase classname="tests.backend_test.TestReportsSearch" name="test_reports_daily" time="0.126" /><testcase classname="tests.backend_test.TestLeads" name="test_patch_lead_stage" time="0.159" /><testcase classname="tests.backend_test.TestReportsSearch" name="test_reports_pipeline" time="0.055" /><testcase classname="tests.backend_test.TestReportsSearch" name="test_search" time="0.055" /><testcase classname="tests.backend_test.TestReportsSearch" name="test_integrations" time="0.088" /><testcase classname="tests.backend_test.TestLeads" name="test_lead_404" time="0.051" /><testcase classname="tests.backend_test.TestLeads" name="test_convert_lead" time="0.057" /><testcase classname="tests.backend_test.TestReportsSearch" name="test_employee_patch" time="0.169" /><testcase classname="tests.backend_test.TestLeads" name="test_convert_twice_rejected" time="0.052" /><testcase classname="tests.backend_test.TestLenders" name="test_list_lenders" time="0.052" /><testcase classname="tests.backend_test.TestLenders" name="test_suggest" time="0.052" /><testcase classname="tests.backend_test.TestLenders" name="test_create_application" time="0.059" /><testcase classname="tests.backend_test.TestLenders" name="test_patch_application" time="0.092" /><testcase classname="tests.backend_test.TestReportsSearch" name="test_task_create_and_complete" time="0.323" /><testcase classname="tests.backend_test.TestLenders" name="test_lender_query_flow" time="0.148" /><testcase classname="tests.test_iter5_partner_cam.TestPartnerPerformance" name="test_requires_auth" time="0.070" /><testcase classname="tests.backend_test.TestCases" name="test_list" time="0.089" /><testcase classname="tests.test_iter5_partner_cam.TestPartnerPerformance" name="test_shape_and_kpis" time="0.057" /><testcase classname="tests.backend_test.TestCases" name="test_detail_tabs" time="0.050" /><testcase classname="tests.test_iter5_partner_cam.TestPartnerPerformance" name="test_row_fields_and_trend" time="0.066" /><testcase classname="tests.backend_test.TestCases" name="test_patch_case_stage_logs_activity" time="0.143" /><testcase classname="tests.test_iter5_partner_cam.TestPartnerPerformance" name="test_rows_sorted_by_disbursed_mtd_desc" time="0.059" /><testcase classname="tests.test_iter5_partner_cam.TestPartnerPerformance" name="test_kpi_totals_match_rows" time="0.056" /><testcase classname="tests.backend_test.TestCases" name="test_pd_create" time="0.059" /><testcase classname="tests.backend_test.TestDocuments" name="test_upload_and_list" time="0.353" /><testcase classname="tests.backend_test.TestSanctionDisbursement" name="test_create_sanction_updates_case_and_app" time="0.713" /><testcase classname="tests.backend_test.TestDocuments" name="test_versioning" time="0.302" /><testcase classname="tests.backend_test.TestDocuments" name="test_download" time="0.452" /><testcase classname="tests.backend_test.TestSanctionDisbursement" name="test_partial_then_full_disbursement" time="0.717" /><testcase classname="tests.backend_test.TestDocuments" name="test_verify_document" time="0.070" /><testcase classname="tests.test_iter2_fixes.TestSeededData" name="test_documents_seeded" time="0.072" /><testcase classname="tests.test_iter2_fixes.TestSeededData" name="test_lender_queries_seeded" time="0.110" /><testcase classname="tests.test_iter2_fixes.TestSeededData" name="test_mandates_varied_statuses" time="0.054" /><testcase classname="tests.backend_test.TestSanctionDisbursement" name="test_disbursement_bad_sanction" time="0.114" /><testcase classname="tests.test_iter2_fixes.TestSeededData" name="test_bureau_checks_present" time="0.911"><failure message="AssertionError: no seeded bureau checks on any case&#10;assert 0 &gt;= 1">self = &lt;test_iter2_fixes.TestSeededData object at 0xf942c6519390&gt;
client = &lt;requests.sessions.Session object at 0xf942c66a3810&gt;
base_url = 'https://credit-ops-5.preview.emergentagent.com'

    def test_bureau_checks_present(self, client, base_url):
        cases = client.get(f"{base_url}/api/cases").json()
        found = 0
        for c in cases[:15]:
            d = client.get(f"{base_url}/api/cases/{c['case_uid']}").json()
            if d.get("bureau"):
                found += 1
&gt;       assert found &gt;= 1, "no seeded bureau checks on any case"
E       AssertionError: no seeded bureau checks on any case
E       assert 0 &gt;= 1

tests/test_iter2_fixes.py:169: AssertionError</failure></testcase><testcase classname="tests.backend_test.TestSanctionDisbursement" name="test_incentive_accrued" time="0.061" /><testcase classname="tests.test_iter5_partner_cam.TestRegression" name="test_weekly_xlsx" time="0.080" /><testcase classname="tests.test_iter5_partner_cam.TestRegression" name="test_weekly_pdf" time="0.062" /><testcase classname="tests.test_iter5_partner_cam.TestRegression" name="test_global_search" time="0.057" /><testcase classname="tests.test_iter5_partner_cam.TestRegression" name="test_channel_partners_list" time="0.055" /><testcase classname="tests.backend_test.TestAuth" name="test_me_requires_auth" time="0.061" /><testcase classname="tests.backend_test.TestAuth" name="test_me_with_token" time="0.051" /><testcase classname="tests.backend_test.TestAuth" name="test_bad_token_rejected" time="0.049" /><testcase classname="tests.backend_test.TestClients" name="test_list" time="0.050" /><testcase classname="tests.backend_test.TestClients" name="test_detail_360" time="0.055" /><testcase classname="tests.backend_test.TestClients" name="test_patch_client" time="0.152" /><testcase classname="tests.test_iter5_partner_cam.TestCamPdf" name="test_pdf_ok" time="0.074" /><testcase classname="tests.test_iter5_partner_cam.TestCamPdf" name="test_pdf_unknown_case_404" time="0.096" /><testcase classname="tests.test_iter5_partner_cam.TestPatchChannelPartner" name="test_patch_target_persists_and_updates_attainment" time="0.230" /><testcase classname="tests.test_iter5_partner_cam.TestCamPdf" name="test_pdf_requires_auth" time="0.050" /><testcase classname="tests.backend_test.TestBureau" name="test_consent_required" time="0.069" /><testcase classname="tests.backend_test.TestBureau" name="test_pull_sandbox" time="0.062" /><testcase classname="tests.test_iter5_partner_cam.TestPatchChannelPartner" name="test_disallowed_fields_ignored" time="0.159" /><testcase classname="tests.backend_test.TestBilling" name="test_mandate_lifecycle" time="0.536" /><testcase classname="tests.test_iter5_partner_cam.TestPatchChannelPartner" name="test_unknown_partner_404" time="0.054" /><testcase classname="tests.test_iter5_partner_cam.TestPatchChannelPartner" name="test_patch_requires_auth" time="0.148" /><testcase classname="tests.backend_test.TestDashboard" name="test_summary" time="0.061" /><testcase classname="tests.test_iter2_fixes.TestDocCompleteness" name="test_upload_updates_documentation_pct_and_versions" time="1.349" /><testcase classname="tests.backend_test.TestBilling" name="test_invoice_and_payment" time="1.098" /><testcase classname="tests.test_iter2_fixes.TestAggregationKeys" name="test_dashboard_keys" time="0.060" /><testcase classname="tests.test_iter2_fixes.TestAggregationKeys" name="test_pipeline_report_keys" time="0.057" /><testcase classname="tests.test_iter5_partner_cam.TestCamAssessment" name="test_assessment_save_and_read" time="0.165" /></testsuite></testsuites>