<?xml version="1.0" encoding="utf-8"?><testsuites name="pytest tests"><testsuite name="pytest" errors="0" failures="0" skipped="0" tests="27" time="4.170" timestamp="2026-08-14T01:33:24.603462+00:00" hostname="agent-env-5e3082e6-67c3-4177-9818-b82b09188262"><testcase classname="tests.test_iter6_permissions.TestPermissionKeys" name="test_keys_returns_six" time="0.314" /><testcase classname="tests.test_iter6_permissions.TestPermissionKeys" name="test_keys_requires_auth" time="0.101" /><testcase classname="tests.test_iter6_permissions.TestPermissionKeys" name="test_me_permissions_super_admin" time="0.074" /><testcase classname="tests.test_iter6_permissions.TestPermissionKeys" name="test_me_permissions_sales_agent_empty" time="0.128" /><testcase classname="tests.test_iter6_permissions.TestPermissionOverrides" name="test_put_then_get_persists_and_computes_effective" time="0.143" /><testcase classname="tests.test_iter6_permissions.TestPermissionOverrides" name="test_revoke_wins_over_role_default" time="0.153" /><testcase classname="tests.test_iter6_permissions.TestPermissionOverrides" name="test_invalid_keys_filtered" time="0.074" /><testcase classname="tests.test_iter6_permissions.TestPermissionOverrides" name="test_non_admin_cannot_put" time="0.058" /><testcase classname="tests.test_iter6_permissions.TestPermissionOverrides" name="test_non_admin_cannot_get" time="0.082" /><testcase classname="tests.test_iter6_permissions.TestPermissionOverrides" name="test_unknown_user_404" time="0.147" /><testcase classname="tests.test_iter6_permissions.TestReleaseCommissionsRBAC" name="test_agent_forbidden_by_default" time="0.127" /><testcase classname="tests.test_iter6_permissions.TestReleaseCommissionsRBAC" name="test_agent_allowed_after_grant" time="0.205" /><testcase classname="tests.test_iter6_permissions.TestReleaseCommissionsRBAC" name="test_super_admin_forbidden_after_revoke" time="0.295" /><testcase classname="tests.test_iter6_permissions.TestReleaseCommissionsRBAC" name="test_mark_paid_rbac" time="0.057" /><testcase classname="tests.test_iter6_permissions.TestChannelPartnerRBAC" name="test_agent_cannot_create_partner" time="0.126" /><testcase classname="tests.test_iter6_permissions.TestChannelPartnerRBAC" name="test_agent_can_create_after_grant_and_patch_needs_target_perm" time="0.515" /><testcase classname="tests.test_iter6_permissions.TestChannelPartnerRBAC" name="test_partner_appears_in_performance" time="0.076" /><testcase classname="tests.test_iter6_permissions.TestCamTemplates" name="test_list_and_product_filter" time="0.165" /><testcase classname="tests.test_iter6_permissions.TestCamTemplates" name="test_create_lap_template_and_fetch" time="0.146" /><testcase classname="tests.test_iter6_permissions.TestCamTemplates" name="test_create_requires_name" time="0.067" /><testcase classname="tests.test_iter6_permissions.TestCamTemplates" name="test_create_forbidden_without_permission" time="0.054" /><testcase classname="tests.test_iter6_permissions.TestCamTemplates" name="test_delete_forbidden_for_non_owner_without_permission" time="0.056" /><testcase classname="tests.test_iter6_permissions.TestCamTemplates" name="test_delete_unknown_404" time="0.073" /><testcase classname="tests.test_iter6_permissions.TestCamTemplates" name="test_delete_by_publisher_then_gone" time="0.213" /><testcase classname="tests.test_iter6_permissions.TestRegression" name="test_payout_batches_list" time="0.074" /><testcase classname="tests.test_iter6_permissions.TestRegression" name="test_cam_pdf" time="0.138" /><testcase classname="tests.test_iter6_permissions.TestRegression" name="test_case_detail_and_assessment_persist" time="0.444" /></testsuite></testsuites>