<?xml version="1.0" encoding="utf-8"?><testsuites name="pytest tests"><testsuite name="pytest" errors="0" failures="1" skipped="0" tests="67" time="5.672" timestamp="2026-08-13T11:59:08.909420+00:00" hostname="agent-env-5e3082e6-67c3-4177-9818-b82b09188262"><testcase classname="tests.test_iter2_fixes.TestValidation" name="test_task_missing_due_date_defaults" time="0.183" /><testcase classname="tests.backend_test.TestListEndpoints" name="test_list[/api/employees-9]" time="0.119" /><testcase classname="tests.backend_test.TestListEndpoints" name="test_list[/api/channel-partners-1]" time="0.071" /><testcase classname="tests.test_iter2_fixes.TestValidation" name="test_task_missing_title_422" time="0.084" /><testcase classname="tests.backend_test.TestListEndpoints" name="test_list[/api/cp-commissions-0]" time="0.045" /><testcase classname="tests.backend_test.TestListEndpoints" name="test_list[/api/tasks-1]" time="0.045" /><testcase classname="tests.test_iter2_fixes.TestValidation" name="test_task_empty_body_422" time="0.087" /><testcase classname="tests.backend_test.TestListEndpoints" name="test_list[/api/audit-logs-1]" time="0.077" /><testcase classname="tests.backend_test.TestListEndpoints" name="test_list[/api/users-1]" time="0.041" /><testcase classname="tests.backend_test.TestListEndpoints" name="test_list[/api/sanctions-1]" time="0.043" /><testcase classname="tests.test_iter2_fixes.TestValidation" name="test_invoice_missing_amount_422" time="0.174" /><testcase classname="tests.backend_test.TestListEndpoints" name="test_list[/api/disbursements-1]" time="0.064" /><testcase classname="tests.backend_test.TestListEndpoints" name="test_list[/api/applications-1]" time="0.072" /><testcase classname="tests.test_iter2_fixes.TestValidation" name="test_invoice_missing_client_422" time="0.045" /><testcase classname="tests.test_iter2_fixes.TestValidation" name="test_payment_missing_fields_422" time="0.104" /><testcase classname="tests.backend_test.TestListEndpoints" name="test_list[/api/lender-queries-0]" time="0.044" /><testcase classname="tests.backend_test.TestListEndpoints" name="test_list[/api/documents-1]" time="0.045" /><testcase classname="tests.backend_test.TestListEndpoints" name="test_list[/api/incentives-1]" time="0.046" /><testcase classname="tests.test_iter2_fixes.TestValidation" name="test_invoice_total_amount_gst_tds" time="0.306" /><testcase classname="tests.backend_test.TestListEndpoints" name="test_requires_auth" time="0.328" /><testcase classname="tests.backend_test.TestLeads" name="test_list_leads" time="0.044" /><testcase classname="tests.backend_test.TestLeads" name="test_create_lead_and_persist" time="0.142" /><testcase classname="tests.backend_test.TestReportsSearch" name="test_reports_daily" time="0.050" /><testcase classname="tests.backend_test.TestReportsSearch" name="test_reports_pipeline" time="0.089" /><testcase classname="tests.backend_test.TestLeads" name="test_patch_lead_stage" time="0.128" /><testcase classname="tests.backend_test.TestReportsSearch" name="test_search" time="0.043" /><testcase classname="tests.backend_test.TestReportsSearch" name="test_integrations" time="0.040" /><testcase classname="tests.backend_test.TestReportsSearch" name="test_employee_patch" time="0.082" /><testcase classname="tests.backend_test.TestLeads" name="test_lead_404" time="0.083" /><testcase classname="tests.backend_test.TestLeads" name="test_convert_lead" time="0.046" /><testcase classname="tests.backend_test.TestLeads" name="test_convert_twice_rejected" time="0.042" /><testcase classname="tests.backend_test.TestCases" name="test_list" time="0.049" /><testcase classname="tests.backend_test.TestReportsSearch" name="test_task_create_and_complete" time="0.215" /><testcase classname="tests.backend_test.TestCases" name="test_detail_tabs" time="0.054" /><testcase classname="tests.backend_test.TestLenders" name="test_list_lenders" time="0.043" /><testcase classname="tests.backend_test.TestCases" name="test_patch_case_stage_logs_activity" time="0.153" /><testcase classname="tests.backend_test.TestLenders" name="test_suggest" time="0.048" /><testcase classname="tests.backend_test.TestLenders" name="test_create_application" time="0.047" /><testcase classname="tests.backend_test.TestLenders" name="test_patch_application" time="0.057" /><testcase classname="tests.backend_test.TestCases" name="test_pd_create" time="0.045" /><testcase classname="tests.backend_test.TestLenders" name="test_lender_query_flow" time="0.254" /><testcase classname="tests.backend_test.TestDocuments" name="test_upload_and_list" time="0.309" /><testcase classname="tests.backend_test.TestDocuments" name="test_versioning" time="0.240" /><testcase classname="tests.backend_test.TestSanctionDisbursement" name="test_create_sanction_updates_case_and_app" time="0.609" /><testcase classname="tests.backend_test.TestDocuments" name="test_download" time="0.254" /><testcase classname="tests.backend_test.TestDocuments" name="test_verify_document" time="0.044" /><testcase classname="tests.test_iter2_fixes.TestSeededData" name="test_documents_seeded" time="0.044" /><testcase classname="tests.backend_test.TestSanctionDisbursement" name="test_partial_then_full_disbursement" time="0.260" /><testcase classname="tests.test_iter2_fixes.TestSeededData" name="test_lender_queries_seeded" time="0.089" /><testcase classname="tests.test_iter2_fixes.TestSeededData" name="test_mandates_varied_statuses" time="0.042" /><testcase classname="tests.test_iter2_fixes.TestSeededData" name="test_bureau_checks_present" time="0.746"><failure message="AssertionError: no seeded bureau checks on any case&#10;assert 0 &gt;= 1">tests/test_iter2_fixes.py:169: in test_bureau_checks_present
    assert found &gt;= 1, "no seeded bureau checks on any case"
E   AssertionError: no seeded bureau checks on any case
E   assert 0 &gt;= 1</failure></testcase><testcase classname="tests.backend_test.TestSanctionDisbursement" name="test_disbursement_bad_sanction" time="0.082" /><testcase classname="tests.backend_test.TestSanctionDisbursement" name="test_incentive_accrued" time="0.044" /><testcase classname="tests.backend_test.TestClients" name="test_list" time="0.042" /><testcase classname="tests.backend_test.TestClients" name="test_detail_360" time="0.044" /><testcase classname="tests.backend_test.TestClients" name="test_patch_client" time="0.126" /><testcase classname="tests.backend_test.TestBureau" name="test_consent_required" time="0.081" /><testcase classname="tests.backend_test.TestBureau" name="test_pull_sandbox" time="0.082" /><testcase classname="tests.backend_test.TestBilling" name="test_mandate_lifecycle" time="0.429" /><testcase classname="tests.backend_test.TestAuth" name="test_me_requires_auth" time="0.164" /><testcase classname="tests.backend_test.TestAuth" name="test_me_with_token" time="0.044" /><testcase classname="tests.backend_test.TestAuth" name="test_bad_token_rejected" time="0.103" /><testcase classname="tests.backend_test.TestBilling" name="test_invoice_and_payment" time="0.461" /><testcase classname="tests.backend_test.TestDashboard" name="test_summary" time="0.048" /><testcase classname="tests.test_iter2_fixes.TestDocCompleteness" name="test_upload_updates_documentation_pct_and_versions" time="1.152" /><testcase classname="tests.test_iter2_fixes.TestAggregationKeys" name="test_dashboard_keys" time="0.047" /><testcase classname="tests.test_iter2_fixes.TestAggregationKeys" name="test_pipeline_report_keys" time="0.199" /></testsuite></testsuites>